2024-07-13T00:06:49.346+05:30  INFO 18832 --- [LibraryManagementSystem] [SpringApplicationShutdownHook] j.LocalContainerEntityManagerFactoryBean : Closing JPA EntityManagerFactory for persistence unit 'default'
2024-07-13T00:06:49.354+05:30  INFO 18832 --- [LibraryManagementSystem] [SpringApplicationShutdownHook] com.zaxxer.hikari.HikariDataSource       : HikariPool-1 - Shutdown initiated...
2024-07-13T00:06:49.367+05:30  INFO 18832 --- [LibraryManagementSystem] [SpringApplicationShutdownHook] com.zaxxer.hikari.HikariDataSource       : HikariPool-1 - Shutdown completed.
2024-07-13T10:55:12.367+05:30  INFO 12048 --- [LibraryManagementSystem] [main] c.e.L.LibraryManagementSystemApplication : Starting LibraryManagementSystemApplication using Java 18.0.1.1 with PID 12048 (C:\Users\ACER\IdeaProjects\LibraryManagementSystem\target\classes started by ACER in C:\Users\ACER\IdeaProjects\LibraryManagementSystem)
2024-07-13T10:55:12.369+05:30  INFO 12048 --- [LibraryManagementSystem] [main] c.e.L.LibraryManagementSystemApplication : No active profile set, falling back to 1 default profile: "default"
2024-07-13T10:55:13.261+05:30  INFO 12048 --- [LibraryManagementSystem] [main] .s.d.r.c.RepositoryConfigurationDelegate : Bootstrapping Spring Data JPA repositories in DEFAULT mode.
2024-07-13T10:55:13.338+05:30  INFO 12048 --- [LibraryManagementSystem] [main] .s.d.r.c.RepositoryConfigurationDelegate : Finished Spring Data repository scanning in 67 ms. Found 4 JPA repository interfaces.
2024-07-13T10:55:14.070+05:30  INFO 12048 --- [LibraryManagementSystem] [main] o.s.b.w.embedded.tomcat.TomcatWebServer  : Tomcat initialized with port 8080 (http)
2024-07-13T10:55:14.084+05:30  INFO 12048 --- [LibraryManagementSystem] [main] o.apache.catalina.core.StandardService   : Starting service [Tomcat]
2024-07-13T10:55:14.085+05:30  INFO 12048 --- [LibraryManagementSystem] [main] o.apache.catalina.core.StandardEngine    : Starting Servlet engine: [Apache Tomcat/10.1.25]
2024-07-13T10:55:14.144+05:30  INFO 12048 --- [LibraryManagementSystem] [main] o.a.c.c.C.[Tomcat].[localhost].[/]       : Initializing Spring embedded WebApplicationContext
2024-07-13T10:55:14.145+05:30  INFO 12048 --- [LibraryManagementSystem] [main] w.s.c.ServletWebServerApplicationContext : Root WebApplicationContext: initialization completed in 1734 ms
2024-07-13T10:55:14.318+05:30  INFO 12048 --- [LibraryManagementSystem] [main] o.hibernate.jpa.internal.util.LogHelper  : HHH000204: Processing PersistenceUnitInfo [name: default]
2024-07-13T10:55:14.378+05:30  INFO 12048 --- [LibraryManagementSystem] [main] org.hibernate.Version                    : HHH000412: Hibernate ORM core version 6.5.2.Final
2024-07-13T10:55:14.415+05:30  INFO 12048 --- [LibraryManagementSystem] [main] o.h.c.internal.RegionFactoryInitiator    : HHH000026: Second-level cache disabled
2024-07-13T10:55:14.739+05:30  INFO 12048 --- [LibraryManagementSystem] [main] o.s.o.j.p.SpringPersistenceUnitInfo      : No LoadTimeWeaver setup: ignoring JPA class transformer
2024-07-13T10:55:14.767+05:30  INFO 12048 --- [LibraryManagementSystem] [main] com.zaxxer.hikari.HikariDataSource       : HikariPool-1 - Starting...
2024-07-13T10:55:15.183+05:30  INFO 12048 --- [LibraryManagementSystem] [main] com.zaxxer.hikari.pool.HikariPool        : HikariPool-1 - Added connection com.mysql.cj.jdbc.ConnectionImpl@3f1158ee
2024-07-13T10:55:15.184+05:30  INFO 12048 --- [LibraryManagementSystem] [main] com.zaxxer.hikari.HikariDataSource       : HikariPool-1 - Start completed.
2024-07-13T10:55:16.254+05:30  INFO 12048 --- [LibraryManagementSystem] [main] o.h.e.t.j.p.i.JtaPlatformInitiator       : HHH000489: No JTA platform available (set 'hibernate.transaction.jta.platform' to enable JTA platform integration)
2024-07-13T10:55:16.353+05:30  INFO 12048 --- [LibraryManagementSystem] [main] j.LocalContainerEntityManagerFactoryBean : Initialized JPA EntityManagerFactory for persistence unit 'default'
2024-07-13T10:55:16.840+05:30  WARN 12048 --- [LibraryManagementSystem] [main] JpaBaseConfiguration$JpaWebConfiguration : spring.jpa.open-in-view is enabled by default. Therefore, database queries may be performed during view rendering. Explicitly configure spring.jpa.open-in-view to disable this warning
2024-07-13T10:55:17.204+05:30  INFO 12048 --- [LibraryManagementSystem] [main] o.s.b.w.embedded.tomcat.TomcatWebServer  : Tomcat started on port 8080 (http) with context path '/'
2024-07-13T10:55:17.211+05:30  INFO 12048 --- [LibraryManagementSystem] [main] c.e.L.LibraryManagementSystemApplication : Started LibraryManagementSystemApplication in 5.283 seconds (process running for 5.764)
2024-07-13T11:00:35.940+05:30  INFO 12048 --- [LibraryManagementSystem] [http-nio-8080-exec-2] o.a.c.c.C.[Tomcat].[localhost].[/]       : Initializing Spring DispatcherServlet 'dispatcherServlet'
2024-07-13T11:00:35.941+05:30  INFO 12048 --- [LibraryManagementSystem] [http-nio-8080-exec-2] o.s.web.servlet.DispatcherServlet        : Initializing Servlet 'dispatcherServlet'
2024-07-13T11:00:35.943+05:30  INFO 12048 --- [LibraryManagementSystem] [http-nio-8080-exec-2] o.s.web.servlet.DispatcherServlet        : Completed initialization in 1 ms
2024-07-13T11:00:35.989+05:30  INFO 12048 --- [LibraryManagementSystem] [http-nio-8080-exec-2] c.e.L.CustomAspect                       : I'm in emit logs BEFORE: ResponseEntity com.example.LibraryManagementSystem.controller.BookController.getBooks(String,BookType)
2024-07-13T11:00:36.160+05:30  INFO 12048 --- [LibraryManagementSystem] [http-nio-8080-exec-2] c.e.L.CustomAspect                       : I'm in emit logs AFTER: ResponseEntity com.example.LibraryManagementSystem.controller.BookController.getBooks(String,BookType)
2024-07-13T11:03:55.677+05:30  INFO 12048 --- [LibraryManagementSystem] [SpringApplicationShutdownHook] j.LocalContainerEntityManagerFactoryBean : Closing JPA EntityManagerFactory for persistence unit 'default'
2024-07-13T11:03:55.680+05:30  INFO 12048 --- [LibraryManagementSystem] [SpringApplicationShutdownHook] com.zaxxer.hikari.HikariDataSource       : HikariPool-1 - Shutdown initiated...
2024-07-13T11:03:55.690+05:30  INFO 12048 --- [LibraryManagementSystem] [SpringApplicationShutdownHook] com.zaxxer.hikari.HikariDataSource       : HikariPool-1 - Shutdown completed.
2024-07-13T11:03:59.053+05:30  INFO 17112 --- [LibraryManagementSystem] [main] c.e.L.LibraryManagementSystemApplication : Starting LibraryManagementSystemApplication using Java 18.0.1.1 with PID 17112 (C:\Users\ACER\IdeaProjects\LibraryManagementSystem\target\classes started by ACER in C:\Users\ACER\IdeaProjects\LibraryManagementSystem)
2024-07-13T11:03:59.055+05:30  INFO 17112 --- [LibraryManagementSystem] [main] c.e.L.LibraryManagementSystemApplication : No active profile set, falling back to 1 default profile: "default"
2024-07-13T11:03:59.821+05:30  INFO 17112 --- [LibraryManagementSystem] [main] .s.d.r.c.RepositoryConfigurationDelegate : Bootstrapping Spring Data JPA repositories in DEFAULT mode.
2024-07-13T11:03:59.933+05:30  INFO 17112 --- [LibraryManagementSystem] [main] .s.d.r.c.RepositoryConfigurationDelegate : Finished Spring Data repository scanning in 102 ms. Found 4 JPA repository interfaces.
2024-07-13T11:04:00.743+05:30  INFO 17112 --- [LibraryManagementSystem] [main] o.s.b.w.embedded.tomcat.TomcatWebServer  : Tomcat initialized with port 8080 (http)
2024-07-13T11:04:00.759+05:30  INFO 17112 --- [LibraryManagementSystem] [main] o.apache.catalina.core.StandardService   : Starting service [Tomcat]
2024-07-13T11:04:00.760+05:30  INFO 17112 --- [LibraryManagementSystem] [main] o.apache.catalina.core.StandardEngine    : Starting Servlet engine: [Apache Tomcat/10.1.25]
2024-07-13T11:04:00.833+05:30  INFO 17112 --- [LibraryManagementSystem] [main] o.a.c.c.C.[Tomcat].[localhost].[/]       : Initializing Spring embedded WebApplicationContext
2024-07-13T11:04:00.834+05:30  INFO 17112 --- [LibraryManagementSystem] [main] w.s.c.ServletWebServerApplicationContext : Root WebApplicationContext: initialization completed in 1728 ms
2024-07-13T11:04:01.045+05:30  INFO 17112 --- [LibraryManagementSystem] [main] o.hibernate.jpa.internal.util.LogHelper  : HHH000204: Processing PersistenceUnitInfo [name: default]
2024-07-13T11:04:01.124+05:30  INFO 17112 --- [LibraryManagementSystem] [main] org.hibernate.Version                    : HHH000412: Hibernate ORM core version 6.5.2.Final
2024-07-13T11:04:01.175+05:30  INFO 17112 --- [LibraryManagementSystem] [main] o.h.c.internal.RegionFactoryInitiator    : HHH000026: Second-level cache disabled
2024-07-13T11:04:01.572+05:30  INFO 17112 --- [LibraryManagementSystem] [main] o.s.o.j.p.SpringPersistenceUnitInfo      : No LoadTimeWeaver setup: ignoring JPA class transformer
2024-07-13T11:04:01.600+05:30  INFO 17112 --- [LibraryManagementSystem] [main] com.zaxxer.hikari.HikariDataSource       : HikariPool-1 - Starting...
2024-07-13T11:04:02.001+05:30  INFO 17112 --- [LibraryManagementSystem] [main] com.zaxxer.hikari.pool.HikariPool        : HikariPool-1 - Added connection com.mysql.cj.jdbc.ConnectionImpl@283baa39
2024-07-13T11:04:02.003+05:30  INFO 17112 --- [LibraryManagementSystem] [main] com.zaxxer.hikari.HikariDataSource       : HikariPool-1 - Start completed.
2024-07-13T11:04:03.258+05:30  INFO 17112 --- [LibraryManagementSystem] [main] o.h.e.t.j.p.i.JtaPlatformInitiator       : HHH000489: No JTA platform available (set 'hibernate.transaction.jta.platform' to enable JTA platform integration)
2024-07-13T11:04:03.364+05:30  INFO 17112 --- [LibraryManagementSystem] [main] j.LocalContainerEntityManagerFactoryBean : Initialized JPA EntityManagerFactory for persistence unit 'default'
2024-07-13T11:04:03.916+05:30  WARN 17112 --- [LibraryManagementSystem] [main] JpaBaseConfiguration$JpaWebConfiguration : spring.jpa.open-in-view is enabled by default. Therefore, database queries may be performed during view rendering. Explicitly configure spring.jpa.open-in-view to disable this warning
2024-07-13T11:04:04.320+05:30  INFO 17112 --- [LibraryManagementSystem] [main] o.s.b.w.embedded.tomcat.TomcatWebServer  : Tomcat started on port 8080 (http) with context path '/'
2024-07-13T11:04:04.331+05:30  INFO 17112 --- [LibraryManagementSystem] [main] c.e.L.LibraryManagementSystemApplication : Started LibraryManagementSystemApplication in 5.705 seconds (process running for 6.109)
2024-07-13T11:04:10.356+05:30  INFO 17112 --- [LibraryManagementSystem] [http-nio-8080-exec-1] o.a.c.c.C.[Tomcat].[localhost].[/]       : Initializing Spring DispatcherServlet 'dispatcherServlet'
2024-07-13T11:04:10.357+05:30  INFO 17112 --- [LibraryManagementSystem] [http-nio-8080-exec-1] o.s.web.servlet.DispatcherServlet        : Initializing Servlet 'dispatcherServlet'
2024-07-13T11:04:10.358+05:30  INFO 17112 --- [LibraryManagementSystem] [http-nio-8080-exec-1] o.s.web.servlet.DispatcherServlet        : Completed initialization in 1 ms
2024-07-13T11:04:10.411+05:30  INFO 17112 --- [LibraryManagementSystem] [http-nio-8080-exec-1] c.e.L.CustomAspect                       : I'm in emit logs BEFORE: ResponseEntity com.example.LibraryManagementSystem.controller.BookController.getBooks(String,BookType)
2024-07-13T11:04:10.412+05:30  INFO 17112 --- [LibraryManagementSystem] [http-nio-8080-exec-1] c.e.L.controller.BookController          : in BOOK CONTROLLER
2024-07-13T11:04:10.581+05:30  INFO 17112 --- [LibraryManagementSystem] [http-nio-8080-exec-1] c.e.L.CustomAspect                       : I'm in emit logs AFTER: ResponseEntity com.example.LibraryManagementSystem.controller.BookController.getBooks(String,BookType)
2024-07-13T12:45:48.363+05:30  INFO 17112 --- [LibraryManagementSystem] [SpringApplicationShutdownHook] j.LocalContainerEntityManagerFactoryBean : Closing JPA EntityManagerFactory for persistence unit 'default'
2024-07-13T12:45:48.475+05:30  INFO 17112 --- [LibraryManagementSystem] [SpringApplicationShutdownHook] com.zaxxer.hikari.HikariDataSource       : HikariPool-1 - Shutdown initiated...
2024-07-13T12:45:48.510+05:30  INFO 17112 --- [LibraryManagementSystem] [SpringApplicationShutdownHook] com.zaxxer.hikari.HikariDataSource       : HikariPool-1 - Shutdown completed.
2024-07-13T12:45:52.772+05:30  INFO 9832 --- [LibraryManagementSystem] [main] c.e.L.LibraryManagementSystemApplication : Starting LibraryManagementSystemApplication using Java 18.0.1.1 with PID 9832 (C:\Users\ACER\IdeaProjects\LibraryManagementSystem\target\classes started by ACER in C:\Users\ACER\IdeaProjects\LibraryManagementSystem)
2024-07-13T12:45:52.774+05:30  INFO 9832 --- [LibraryManagementSystem] [main] c.e.L.LibraryManagementSystemApplication : No active profile set, falling back to 1 default profile: "default"
2024-07-13T12:45:53.641+05:30  INFO 9832 --- [LibraryManagementSystem] [main] .s.d.r.c.RepositoryConfigurationDelegate : Bootstrapping Spring Data JPA repositories in DEFAULT mode.
2024-07-13T12:45:53.713+05:30  INFO 9832 --- [LibraryManagementSystem] [main] .s.d.r.c.RepositoryConfigurationDelegate : Finished Spring Data repository scanning in 64 ms. Found 4 JPA repository interfaces.
2024-07-13T12:45:54.446+05:30  INFO 9832 --- [LibraryManagementSystem] [main] o.s.b.w.embedded.tomcat.TomcatWebServer  : Tomcat initialized with port 8080 (http)
2024-07-13T12:45:54.460+05:30  INFO 9832 --- [LibraryManagementSystem] [main] o.apache.catalina.core.StandardService   : Starting service [Tomcat]
2024-07-13T12:45:54.460+05:30  INFO 9832 --- [LibraryManagementSystem] [main] o.apache.catalina.core.StandardEngine    : Starting Servlet engine: [Apache Tomcat/10.1.25]
2024-07-13T12:45:54.520+05:30  INFO 9832 --- [LibraryManagementSystem] [main] o.a.c.c.C.[Tomcat].[localhost].[/]       : Initializing Spring embedded WebApplicationContext
2024-07-13T12:45:54.520+05:30  INFO 9832 --- [LibraryManagementSystem] [main] w.s.c.ServletWebServerApplicationContext : Root WebApplicationContext: initialization completed in 1691 ms
2024-07-13T12:45:54.690+05:30  INFO 9832 --- [LibraryManagementSystem] [main] o.hibernate.jpa.internal.util.LogHelper  : HHH000204: Processing PersistenceUnitInfo [name: default]
2024-07-13T12:45:54.763+05:30  INFO 9832 --- [LibraryManagementSystem] [main] org.hibernate.Version                    : HHH000412: Hibernate ORM core version 6.5.2.Final
2024-07-13T12:45:54.801+05:30  INFO 9832 --- [LibraryManagementSystem] [main] o.h.c.internal.RegionFactoryInitiator    : HHH000026: Second-level cache disabled
2024-07-13T12:45:55.113+05:30  INFO 9832 --- [LibraryManagementSystem] [main] o.s.o.j.p.SpringPersistenceUnitInfo      : No LoadTimeWeaver setup: ignoring JPA class transformer
2024-07-13T12:45:55.142+05:30  INFO 9832 --- [LibraryManagementSystem] [main] com.zaxxer.hikari.HikariDataSource       : HikariPool-1 - Starting...
2024-07-13T12:45:55.517+05:30  INFO 9832 --- [LibraryManagementSystem] [main] com.zaxxer.hikari.pool.HikariPool        : HikariPool-1 - Added connection com.mysql.cj.jdbc.ConnectionImpl@6afeaf2d
2024-07-13T12:45:55.519+05:30  INFO 9832 --- [LibraryManagementSystem] [main] com.zaxxer.hikari.HikariDataSource       : HikariPool-1 - Start completed.
2024-07-13T12:45:56.656+05:30  INFO 9832 --- [LibraryManagementSystem] [main] o.h.e.t.j.p.i.JtaPlatformInitiator       : HHH000489: No JTA platform available (set 'hibernate.transaction.jta.platform' to enable JTA platform integration)
2024-07-13T12:45:56.834+05:30  INFO 9832 --- [LibraryManagementSystem] [main] j.LocalContainerEntityManagerFactoryBean : Initialized JPA EntityManagerFactory for persistence unit 'default'
2024-07-13T12:45:57.603+05:30  WARN 9832 --- [LibraryManagementSystem] [main] JpaBaseConfiguration$JpaWebConfiguration : spring.jpa.open-in-view is enabled by default. Therefore, database queries may be performed during view rendering. Explicitly configure spring.jpa.open-in-view to disable this warning
2024-07-13T12:45:57.987+05:30  INFO 9832 --- [LibraryManagementSystem] [main] o.s.b.w.embedded.tomcat.TomcatWebServer  : Tomcat started on port 8080 (http) with context path '/'
2024-07-13T12:45:57.995+05:30  INFO 9832 --- [LibraryManagementSystem] [main] c.e.L.LibraryManagementSystemApplication : Started LibraryManagementSystemApplication in 5.692 seconds (process running for 6.126)
2024-07-13T12:46:06.307+05:30  INFO 9832 --- [LibraryManagementSystem] [http-nio-8080-exec-1] o.a.c.c.C.[Tomcat].[localhost].[/]       : Initializing Spring DispatcherServlet 'dispatcherServlet'
2024-07-13T12:46:06.307+05:30  INFO 9832 --- [LibraryManagementSystem] [http-nio-8080-exec-1] o.s.web.servlet.DispatcherServlet        : Initializing Servlet 'dispatcherServlet'
2024-07-13T12:46:06.308+05:30  INFO 9832 --- [LibraryManagementSystem] [http-nio-8080-exec-1] o.s.web.servlet.DispatcherServlet        : Completed initialization in 1 ms
2024-07-13T12:46:06.372+05:30  INFO 9832 --- [LibraryManagementSystem] [http-nio-8080-exec-1] c.e.L.CustomAspect                       : emit logs AROUND start: ResponseEntity com.example.LibraryManagementSystem.controller.BookController.getBooks(String,BookType)
2024-07-13T12:46:06.373+05:30  INFO 9832 --- [LibraryManagementSystem] [http-nio-8080-exec-1] c.e.L.CustomAspect                       : emit logs BEFORE: ResponseEntity com.example.LibraryManagementSystem.controller.BookController.getBooks(String,BookType)
2024-07-13T12:46:06.373+05:30  INFO 9832 --- [LibraryManagementSystem] [http-nio-8080-exec-1] c.e.L.controller.BookController          : in BOOK CONTROLLER
2024-07-13T12:46:06.553+05:30  INFO 9832 --- [LibraryManagementSystem] [http-nio-8080-exec-1] c.e.L.CustomAspect                       : emit logs AFTER: ResponseEntity com.example.LibraryManagementSystem.controller.BookController.getBooks(String,BookType)
2024-07-13T12:46:06.554+05:30  INFO 9832 --- [LibraryManagementSystem] [http-nio-8080-exec-1] c.e.L.CustomAspect                       : emit logs AROUND end: ResponseEntity com.example.LibraryManagementSystem.controller.BookController.getBooks(String,BookType)
2024-07-13T12:48:23.607+05:30  INFO 9832 --- [LibraryManagementSystem] [SpringApplicationShutdownHook] j.LocalContainerEntityManagerFactoryBean : Closing JPA EntityManagerFactory for persistence unit 'default'
2024-07-13T12:48:23.610+05:30  INFO 9832 --- [LibraryManagementSystem] [SpringApplicationShutdownHook] com.zaxxer.hikari.HikariDataSource       : HikariPool-1 - Shutdown initiated...
2024-07-13T12:48:23.619+05:30  INFO 9832 --- [LibraryManagementSystem] [SpringApplicationShutdownHook] com.zaxxer.hikari.HikariDataSource       : HikariPool-1 - Shutdown completed.
2024-07-13T12:48:26.830+05:30  INFO 17356 --- [LibraryManagementSystem] [main] c.e.L.LibraryManagementSystemApplication : Starting LibraryManagementSystemApplication using Java 18.0.1.1 with PID 17356 (C:\Users\ACER\IdeaProjects\LibraryManagementSystem\target\classes started by ACER in C:\Users\ACER\IdeaProjects\LibraryManagementSystem)
2024-07-13T12:48:26.832+05:30  INFO 17356 --- [LibraryManagementSystem] [main] c.e.L.LibraryManagementSystemApplication : No active profile set, falling back to 1 default profile: "default"
2024-07-13T12:48:27.546+05:30  INFO 17356 --- [LibraryManagementSystem] [main] .s.d.r.c.RepositoryConfigurationDelegate : Bootstrapping Spring Data JPA repositories in DEFAULT mode.
2024-07-13T12:48:27.610+05:30  INFO 17356 --- [LibraryManagementSystem] [main] .s.d.r.c.RepositoryConfigurationDelegate : Finished Spring Data repository scanning in 57 ms. Found 4 JPA repository interfaces.
2024-07-13T12:48:28.229+05:30  INFO 17356 --- [LibraryManagementSystem] [main] o.s.b.w.embedded.tomcat.TomcatWebServer  : Tomcat initialized with port 8080 (http)
2024-07-13T12:48:28.241+05:30  INFO 17356 --- [LibraryManagementSystem] [main] o.apache.catalina.core.StandardService   : Starting service [Tomcat]
2024-07-13T12:48:28.241+05:30  INFO 17356 --- [LibraryManagementSystem] [main] o.apache.catalina.core.StandardEngine    : Starting Servlet engine: [Apache Tomcat/10.1.25]
2024-07-13T12:48:28.296+05:30  INFO 17356 --- [LibraryManagementSystem] [main] o.a.c.c.C.[Tomcat].[localhost].[/]       : Initializing Spring embedded WebApplicationContext
2024-07-13T12:48:28.296+05:30  INFO 17356 --- [LibraryManagementSystem] [main] w.s.c.ServletWebServerApplicationContext : Root WebApplicationContext: initialization completed in 1409 ms
2024-07-13T12:48:28.444+05:30  INFO 17356 --- [LibraryManagementSystem] [main] o.hibernate.jpa.internal.util.LogHelper  : HHH000204: Processing PersistenceUnitInfo [name: default]
2024-07-13T12:48:28.523+05:30  INFO 17356 --- [LibraryManagementSystem] [main] org.hibernate.Version                    : HHH000412: Hibernate ORM core version 6.5.2.Final
2024-07-13T12:48:28.560+05:30  INFO 17356 --- [LibraryManagementSystem] [main] o.h.c.internal.RegionFactoryInitiator    : HHH000026: Second-level cache disabled
2024-07-13T12:48:28.868+05:30  INFO 17356 --- [LibraryManagementSystem] [main] o.s.o.j.p.SpringPersistenceUnitInfo      : No LoadTimeWeaver setup: ignoring JPA class transformer
2024-07-13T12:48:28.895+05:30  INFO 17356 --- [LibraryManagementSystem] [main] com.zaxxer.hikari.HikariDataSource       : HikariPool-1 - Starting...
2024-07-13T12:48:29.261+05:30  INFO 17356 --- [LibraryManagementSystem] [main] com.zaxxer.hikari.pool.HikariPool        : HikariPool-1 - Added connection com.mysql.cj.jdbc.ConnectionImpl@20be890d
2024-07-13T12:48:29.263+05:30  INFO 17356 --- [LibraryManagementSystem] [main] com.zaxxer.hikari.HikariDataSource       : HikariPool-1 - Start completed.
2024-07-13T12:48:30.250+05:30  INFO 17356 --- [LibraryManagementSystem] [main] o.h.e.t.j.p.i.JtaPlatformInitiator       : HHH000489: No JTA platform available (set 'hibernate.transaction.jta.platform' to enable JTA platform integration)
2024-07-13T12:48:30.336+05:30  INFO 17356 --- [LibraryManagementSystem] [main] j.LocalContainerEntityManagerFactoryBean : Initialized JPA EntityManagerFactory for persistence unit 'default'
2024-07-13T12:48:30.740+05:30  WARN 17356 --- [LibraryManagementSystem] [main] JpaBaseConfiguration$JpaWebConfiguration : spring.jpa.open-in-view is enabled by default. Therefore, database queries may be performed during view rendering. Explicitly configure spring.jpa.open-in-view to disable this warning
2024-07-13T12:48:31.057+05:30  INFO 17356 --- [LibraryManagementSystem] [main] o.s.b.w.embedded.tomcat.TomcatWebServer  : Tomcat started on port 8080 (http) with context path '/'
2024-07-13T12:48:31.063+05:30  INFO 17356 --- [LibraryManagementSystem] [main] c.e.L.LibraryManagementSystemApplication : Started LibraryManagementSystemApplication in 4.649 seconds (process running for 5.007)
2024-07-13T12:48:42.273+05:30  INFO 17356 --- [LibraryManagementSystem] [http-nio-8080-exec-5] o.a.c.c.C.[Tomcat].[localhost].[/]       : Initializing Spring DispatcherServlet 'dispatcherServlet'
2024-07-13T12:48:42.274+05:30  INFO 17356 --- [LibraryManagementSystem] [http-nio-8080-exec-5] o.s.web.servlet.DispatcherServlet        : Initializing Servlet 'dispatcherServlet'
2024-07-13T12:48:42.275+05:30  INFO 17356 --- [LibraryManagementSystem] [http-nio-8080-exec-5] o.s.web.servlet.DispatcherServlet        : Completed initialization in 1 ms
2024-07-13T12:48:42.312+05:30  INFO 17356 --- [LibraryManagementSystem] [http-nio-8080-exec-5] c.e.L.CustomAspect                       : emit logs BEFORE: ResponseEntity com.example.LibraryManagementSystem.controller.BookController.getBooks(String,BookType)
2024-07-13T12:48:42.313+05:30  INFO 17356 --- [LibraryManagementSystem] [http-nio-8080-exec-5] c.e.L.controller.BookController          : in BOOK CONTROLLER
2024-07-13T12:48:42.461+05:30  INFO 17356 --- [LibraryManagementSystem] [http-nio-8080-exec-5] c.e.L.CustomAspect                       : emit logs AFTER: ResponseEntity com.example.LibraryManagementSystem.controller.BookController.getBooks(String,BookType)
2024-07-13T12:52:15.032+05:30  INFO 17356 --- [LibraryManagementSystem] [SpringApplicationShutdownHook] j.LocalContainerEntityManagerFactoryBean : Closing JPA EntityManagerFactory for persistence unit 'default'
2024-07-13T12:52:15.036+05:30  INFO 17356 --- [LibraryManagementSystem] [SpringApplicationShutdownHook] com.zaxxer.hikari.HikariDataSource       : HikariPool-1 - Shutdown initiated...
2024-07-13T12:52:15.044+05:30  INFO 17356 --- [LibraryManagementSystem] [SpringApplicationShutdownHook] com.zaxxer.hikari.HikariDataSource       : HikariPool-1 - Shutdown completed.
2024-07-13T12:52:18.050+05:30  INFO 1852 --- [LibraryManagementSystem] [main] c.e.L.LibraryManagementSystemApplication : Starting LibraryManagementSystemApplication using Java 18.0.1.1 with PID 1852 (C:\Users\ACER\IdeaProjects\LibraryManagementSystem\target\classes started by ACER in C:\Users\ACER\IdeaProjects\LibraryManagementSystem)
2024-07-13T12:52:18.052+05:30  INFO 1852 --- [LibraryManagementSystem] [main] c.e.L.LibraryManagementSystemApplication : No active profile set, falling back to 1 default profile: "default"
2024-07-13T12:52:18.728+05:30  INFO 1852 --- [LibraryManagementSystem] [main] .s.d.r.c.RepositoryConfigurationDelegate : Bootstrapping Spring Data JPA repositories in DEFAULT mode.
2024-07-13T12:52:18.794+05:30  INFO 1852 --- [LibraryManagementSystem] [main] .s.d.r.c.RepositoryConfigurationDelegate : Finished Spring Data repository scanning in 60 ms. Found 4 JPA repository interfaces.
2024-07-13T12:52:19.397+05:30  INFO 1852 --- [LibraryManagementSystem] [main] o.s.b.w.embedded.tomcat.TomcatWebServer  : Tomcat initialized with port 8080 (http)
2024-07-13T12:52:19.407+05:30  INFO 1852 --- [LibraryManagementSystem] [main] o.apache.catalina.core.StandardService   : Starting service [Tomcat]
2024-07-13T12:52:19.407+05:30  INFO 1852 --- [LibraryManagementSystem] [main] o.apache.catalina.core.StandardEngine    : Starting Servlet engine: [Apache Tomcat/10.1.25]
2024-07-13T12:52:19.457+05:30  INFO 1852 --- [LibraryManagementSystem] [main] o.a.c.c.C.[Tomcat].[localhost].[/]       : Initializing Spring embedded WebApplicationContext
2024-07-13T12:52:19.458+05:30  INFO 1852 --- [LibraryManagementSystem] [main] w.s.c.ServletWebServerApplicationContext : Root WebApplicationContext: initialization completed in 1360 ms
2024-07-13T12:52:19.615+05:30  INFO 1852 --- [LibraryManagementSystem] [main] o.hibernate.jpa.internal.util.LogHelper  : HHH000204: Processing PersistenceUnitInfo [name: default]
2024-07-13T12:52:19.665+05:30  INFO 1852 --- [LibraryManagementSystem] [main] org.hibernate.Version                    : HHH000412: Hibernate ORM core version 6.5.2.Final
2024-07-13T12:52:19.698+05:30  INFO 1852 --- [LibraryManagementSystem] [main] o.h.c.internal.RegionFactoryInitiator    : HHH000026: Second-level cache disabled
2024-07-13T12:52:19.966+05:30  INFO 1852 --- [LibraryManagementSystem] [main] o.s.o.j.p.SpringPersistenceUnitInfo      : No LoadTimeWeaver setup: ignoring JPA class transformer
2024-07-13T12:52:19.989+05:30  INFO 1852 --- [LibraryManagementSystem] [main] com.zaxxer.hikari.HikariDataSource       : HikariPool-1 - Starting...
2024-07-13T12:52:20.265+05:30  INFO 1852 --- [LibraryManagementSystem] [main] com.zaxxer.hikari.pool.HikariPool        : HikariPool-1 - Added connection com.mysql.cj.jdbc.ConnectionImpl@6463da36
2024-07-13T12:52:20.267+05:30  INFO 1852 --- [LibraryManagementSystem] [main] com.zaxxer.hikari.HikariDataSource       : HikariPool-1 - Start completed.
2024-07-13T12:52:21.318+05:30  INFO 1852 --- [LibraryManagementSystem] [main] o.h.e.t.j.p.i.JtaPlatformInitiator       : HHH000489: No JTA platform available (set 'hibernate.transaction.jta.platform' to enable JTA platform integration)
2024-07-13T12:52:21.411+05:30  INFO 1852 --- [LibraryManagementSystem] [main] j.LocalContainerEntityManagerFactoryBean : Initialized JPA EntityManagerFactory for persistence unit 'default'
2024-07-13T12:52:21.843+05:30  WARN 1852 --- [LibraryManagementSystem] [main] JpaBaseConfiguration$JpaWebConfiguration : spring.jpa.open-in-view is enabled by default. Therefore, database queries may be performed during view rendering. Explicitly configure spring.jpa.open-in-view to disable this warning
2024-07-13T12:52:22.309+05:30  INFO 1852 --- [LibraryManagementSystem] [main] o.s.b.w.embedded.tomcat.TomcatWebServer  : Tomcat started on port 8080 (http) with context path '/'
2024-07-13T12:52:22.318+05:30  INFO 1852 --- [LibraryManagementSystem] [main] c.e.L.LibraryManagementSystemApplication : Started LibraryManagementSystemApplication in 4.68 seconds (process running for 5.026)
2024-07-13T12:54:56.012+05:30  INFO 1852 --- [LibraryManagementSystem] [http-nio-8080-exec-2] o.a.c.c.C.[Tomcat].[localhost].[/]       : Initializing Spring DispatcherServlet 'dispatcherServlet'
2024-07-13T12:54:56.012+05:30  INFO 1852 --- [LibraryManagementSystem] [http-nio-8080-exec-2] o.s.web.servlet.DispatcherServlet        : Initializing Servlet 'dispatcherServlet'
2024-07-13T12:54:56.014+05:30  INFO 1852 --- [LibraryManagementSystem] [http-nio-8080-exec-2] o.s.web.servlet.DispatcherServlet        : Completed initialization in 2 ms
2024-07-13T12:54:56.083+05:30  INFO 1852 --- [LibraryManagementSystem] [http-nio-8080-exec-2] c.e.L.CustomAspect                       : emit logs BEFORE: ResponseEntity com.example.LibraryManagementSystem.controller.BookController.getBooks(String,BookType)
2024-07-13T12:54:56.083+05:30  INFO 1852 --- [LibraryManagementSystem] [http-nio-8080-exec-2] c.e.L.controller.BookController          : in BOOK CONTROLLER
2024-07-13T12:54:56.083+05:30  INFO 1852 --- [LibraryManagementSystem] [http-nio-8080-exec-2] c.e.L.CustomAspect                       : emit logs AROUND start: List com.example.LibraryManagementSystem.service.BookService.getBooks(String,BookType)
2024-07-13T12:54:56.320+05:30  INFO 1852 --- [LibraryManagementSystem] [http-nio-8080-exec-2] c.e.L.CustomAspect                       : emit logs AROUND end: List com.example.LibraryManagementSystem.service.BookService.getBooks(String,BookType)
2024-07-13T12:54:56.326+05:30  INFO 1852 --- [LibraryManagementSystem] [http-nio-8080-exec-2] c.e.L.CustomAspect                       : emit logs AFTER: ResponseEntity com.example.LibraryManagementSystem.controller.BookController.getBooks(String,BookType)
2024-07-13T13:01:22.097+05:30  INFO 1852 --- [LibraryManagementSystem] [SpringApplicationShutdownHook] j.LocalContainerEntityManagerFactoryBean : Closing JPA EntityManagerFactory for persistence unit 'default'
2024-07-13T13:01:22.101+05:30  INFO 1852 --- [LibraryManagementSystem] [SpringApplicationShutdownHook] com.zaxxer.hikari.HikariDataSource       : HikariPool-1 - Shutdown initiated...
2024-07-13T13:01:22.119+05:30  INFO 1852 --- [LibraryManagementSystem] [SpringApplicationShutdownHook] com.zaxxer.hikari.HikariDataSource       : HikariPool-1 - Shutdown completed.
2024-07-13T13:01:25.503+05:30  INFO 6468 --- [LibraryManagementSystem] [main] c.e.L.LibraryManagementSystemApplication : Starting LibraryManagementSystemApplication using Java 18.0.1.1 with PID 6468 (C:\Users\ACER\IdeaProjects\LibraryManagementSystem\target\classes started by ACER in C:\Users\ACER\IdeaProjects\LibraryManagementSystem)
2024-07-13T13:01:25.505+05:30  INFO 6468 --- [LibraryManagementSystem] [main] c.e.L.LibraryManagementSystemApplication : No active profile set, falling back to 1 default profile: "default"
2024-07-13T13:01:26.259+05:30  INFO 6468 --- [LibraryManagementSystem] [main] .s.d.r.c.RepositoryConfigurationDelegate : Bootstrapping Spring Data JPA repositories in DEFAULT mode.
2024-07-13T13:01:26.327+05:30  INFO 6468 --- [LibraryManagementSystem] [main] .s.d.r.c.RepositoryConfigurationDelegate : Finished Spring Data repository scanning in 62 ms. Found 4 JPA repository interfaces.
2024-07-13T13:01:26.994+05:30  INFO 6468 --- [LibraryManagementSystem] [main] o.s.b.w.embedded.tomcat.TomcatWebServer  : Tomcat initialized with port 8080 (http)
2024-07-13T13:01:27.008+05:30  INFO 6468 --- [LibraryManagementSystem] [main] o.apache.catalina.core.StandardService   : Starting service [Tomcat]
2024-07-13T13:01:27.009+05:30  INFO 6468 --- [LibraryManagementSystem] [main] o.apache.catalina.core.StandardEngine    : Starting Servlet engine: [Apache Tomcat/10.1.25]
2024-07-13T13:01:27.068+05:30  INFO 6468 --- [LibraryManagementSystem] [main] o.a.c.c.C.[Tomcat].[localhost].[/]       : Initializing Spring embedded WebApplicationContext
2024-07-13T13:01:27.068+05:30  INFO 6468 --- [LibraryManagementSystem] [main] w.s.c.ServletWebServerApplicationContext : Root WebApplicationContext: initialization completed in 1513 ms
2024-07-13T13:01:27.229+05:30  INFO 6468 --- [LibraryManagementSystem] [main] o.hibernate.jpa.internal.util.LogHelper  : HHH000204: Processing PersistenceUnitInfo [name: default]
2024-07-13T13:01:27.298+05:30  INFO 6468 --- [LibraryManagementSystem] [main] org.hibernate.Version                    : HHH000412: Hibernate ORM core version 6.5.2.Final
2024-07-13T13:01:27.336+05:30  INFO 6468 --- [LibraryManagementSystem] [main] o.h.c.internal.RegionFactoryInitiator    : HHH000026: Second-level cache disabled
2024-07-13T13:01:27.646+05:30  INFO 6468 --- [LibraryManagementSystem] [main] o.s.o.j.p.SpringPersistenceUnitInfo      : No LoadTimeWeaver setup: ignoring JPA class transformer
2024-07-13T13:01:27.668+05:30  INFO 6468 --- [LibraryManagementSystem] [main] com.zaxxer.hikari.HikariDataSource       : HikariPool-1 - Starting...
2024-07-13T13:01:28.008+05:30  INFO 6468 --- [LibraryManagementSystem] [main] com.zaxxer.hikari.pool.HikariPool        : HikariPool-1 - Added connection com.mysql.cj.jdbc.ConnectionImpl@1c6ac73c
2024-07-13T13:01:28.010+05:30  INFO 6468 --- [LibraryManagementSystem] [main] com.zaxxer.hikari.HikariDataSource       : HikariPool-1 - Start completed.
2024-07-13T13:01:28.998+05:30  INFO 6468 --- [LibraryManagementSystem] [main] o.h.e.t.j.p.i.JtaPlatformInitiator       : HHH000489: No JTA platform available (set 'hibernate.transaction.jta.platform' to enable JTA platform integration)
2024-07-13T13:01:29.085+05:30  INFO 6468 --- [LibraryManagementSystem] [main] j.LocalContainerEntityManagerFactoryBean : Initialized JPA EntityManagerFactory for persistence unit 'default'
2024-07-13T13:01:29.552+05:30  WARN 6468 --- [LibraryManagementSystem] [main] JpaBaseConfiguration$JpaWebConfiguration : spring.jpa.open-in-view is enabled by default. Therefore, database queries may be performed during view rendering. Explicitly configure spring.jpa.open-in-view to disable this warning
2024-07-13T13:01:29.896+05:30  INFO 6468 --- [LibraryManagementSystem] [main] o.s.b.w.embedded.tomcat.TomcatWebServer  : Tomcat started on port 8080 (http) with context path '/'
2024-07-13T13:01:29.908+05:30  INFO 6468 --- [LibraryManagementSystem] [main] c.e.L.LibraryManagementSystemApplication : Started LibraryManagementSystemApplication in 4.846 seconds (process running for 5.233)
2024-07-13T13:01:34.555+05:30  INFO 6468 --- [LibraryManagementSystem] [http-nio-8080-exec-1] o.a.c.c.C.[Tomcat].[localhost].[/]       : Initializing Spring DispatcherServlet 'dispatcherServlet'
2024-07-13T13:01:34.555+05:30  INFO 6468 --- [LibraryManagementSystem] [http-nio-8080-exec-1] o.s.web.servlet.DispatcherServlet        : Initializing Servlet 'dispatcherServlet'
2024-07-13T13:01:34.557+05:30  INFO 6468 --- [LibraryManagementSystem] [http-nio-8080-exec-1] o.s.web.servlet.DispatcherServlet        : Completed initialization in 2 ms
2024-07-13T13:01:34.613+05:30  INFO 6468 --- [LibraryManagementSystem] [http-nio-8080-exec-1] c.e.L.CustomAspect                       : emit logs BEFORE: ResponseEntity com.example.LibraryManagementSystem.controller.BookController.getBooks(String,BookType)
2024-07-13T13:01:34.613+05:30  INFO 6468 --- [LibraryManagementSystem] [http-nio-8080-exec-1] c.e.L.controller.BookController          : in BOOK CONTROLLER
2024-07-13T13:01:34.613+05:30  INFO 6468 --- [LibraryManagementSystem] [http-nio-8080-exec-1] c.e.L.CustomAspect                       : emit logs AROUND start: List com.example.LibraryManagementSystem.service.BookService.getBooks(String,BookType)
2024-07-13T13:01:34.775+05:30  INFO 6468 --- [LibraryManagementSystem] [http-nio-8080-exec-1] c.e.L.CustomAspect                       : around advice response: [FAILED toString()]
2024-07-13T13:01:34.806+05:30  INFO 6468 --- [LibraryManagementSystem] [http-nio-8080-exec-1] c.e.L.CustomAspect                       : emit logs AROUND end: List com.example.LibraryManagementSystem.service.BookService.getBooks(String,BookType)
2024-07-13T13:01:34.809+05:30  INFO 6468 --- [LibraryManagementSystem] [http-nio-8080-exec-1] c.e.L.CustomAspect                       : emit logs AFTER: ResponseEntity com.example.LibraryManagementSystem.controller.BookController.getBooks(String,BookType)
2024-07-13T13:01:56.034+05:30  INFO 6468 --- [LibraryManagementSystem] [SpringApplicationShutdownHook] j.LocalContainerEntityManagerFactoryBean : Closing JPA EntityManagerFactory for persistence unit 'default'
2024-07-13T13:01:56.036+05:30  INFO 6468 --- [LibraryManagementSystem] [SpringApplicationShutdownHook] com.zaxxer.hikari.HikariDataSource       : HikariPool-1 - Shutdown initiated...
2024-07-13T13:01:56.044+05:30  INFO 6468 --- [LibraryManagementSystem] [SpringApplicationShutdownHook] com.zaxxer.hikari.HikariDataSource       : HikariPool-1 - Shutdown completed.
2024-07-13T13:01:59.063+05:30  INFO 4324 --- [LibraryManagementSystem] [main] c.e.L.LibraryManagementSystemApplication : Starting LibraryManagementSystemApplication using Java 18.0.1.1 with PID 4324 (C:\Users\ACER\IdeaProjects\LibraryManagementSystem\target\classes started by ACER in C:\Users\ACER\IdeaProjects\LibraryManagementSystem)
2024-07-13T13:01:59.065+05:30  INFO 4324 --- [LibraryManagementSystem] [main] c.e.L.LibraryManagementSystemApplication : No active profile set, falling back to 1 default profile: "default"
2024-07-13T13:01:59.749+05:30  INFO 4324 --- [LibraryManagementSystem] [main] .s.d.r.c.RepositoryConfigurationDelegate : Bootstrapping Spring Data JPA repositories in DEFAULT mode.
2024-07-13T13:01:59.813+05:30  INFO 4324 --- [LibraryManagementSystem] [main] .s.d.r.c.RepositoryConfigurationDelegate : Finished Spring Data repository scanning in 58 ms. Found 4 JPA repository interfaces.
2024-07-13T13:02:00.453+05:30  INFO 4324 --- [LibraryManagementSystem] [main] o.s.b.w.embedded.tomcat.TomcatWebServer  : Tomcat initialized with port 8080 (http)
2024-07-13T13:02:00.466+05:30  INFO 4324 --- [LibraryManagementSystem] [main] o.apache.catalina.core.StandardService   : Starting service [Tomcat]
2024-07-13T13:02:00.466+05:30  INFO 4324 --- [LibraryManagementSystem] [main] o.apache.catalina.core.StandardEngine    : Starting Servlet engine: [Apache Tomcat/10.1.25]
2024-07-13T13:02:00.522+05:30  INFO 4324 --- [LibraryManagementSystem] [main] o.a.c.c.C.[Tomcat].[localhost].[/]       : Initializing Spring embedded WebApplicationContext
2024-07-13T13:02:00.522+05:30  INFO 4324 --- [LibraryManagementSystem] [main] w.s.c.ServletWebServerApplicationContext : Root WebApplicationContext: initialization completed in 1411 ms
2024-07-13T13:02:00.663+05:30  INFO 4324 --- [LibraryManagementSystem] [main] o.hibernate.jpa.internal.util.LogHelper  : HHH000204: Processing PersistenceUnitInfo [name: default]
2024-07-13T13:02:00.713+05:30  INFO 4324 --- [LibraryManagementSystem] [main] org.hibernate.Version                    : HHH000412: Hibernate ORM core version 6.5.2.Final
2024-07-13T13:02:00.742+05:30  INFO 4324 --- [LibraryManagementSystem] [main] o.h.c.internal.RegionFactoryInitiator    : HHH000026: Second-level cache disabled
2024-07-13T13:02:01.026+05:30  INFO 4324 --- [LibraryManagementSystem] [main] o.s.o.j.p.SpringPersistenceUnitInfo      : No LoadTimeWeaver setup: ignoring JPA class transformer
2024-07-13T13:02:01.047+05:30  INFO 4324 --- [LibraryManagementSystem] [main] com.zaxxer.hikari.HikariDataSource       : HikariPool-1 - Starting...
2024-07-13T13:02:01.301+05:30  INFO 4324 --- [LibraryManagementSystem] [main] com.zaxxer.hikari.pool.HikariPool        : HikariPool-1 - Added connection com.mysql.cj.jdbc.ConnectionImpl@365bfc5f
2024-07-13T13:02:01.303+05:30  INFO 4324 --- [LibraryManagementSystem] [main] com.zaxxer.hikari.HikariDataSource       : HikariPool-1 - Start completed.
2024-07-13T13:02:02.310+05:30  INFO 4324 --- [LibraryManagementSystem] [main] o.h.e.t.j.p.i.JtaPlatformInitiator       : HHH000489: No JTA platform available (set 'hibernate.transaction.jta.platform' to enable JTA platform integration)
2024-07-13T13:02:02.387+05:30  INFO 4324 --- [LibraryManagementSystem] [main] j.LocalContainerEntityManagerFactoryBean : Initialized JPA EntityManagerFactory for persistence unit 'default'
2024-07-13T13:02:02.823+05:30  WARN 4324 --- [LibraryManagementSystem] [main] JpaBaseConfiguration$JpaWebConfiguration : spring.jpa.open-in-view is enabled by default. Therefore, database queries may be performed during view rendering. Explicitly configure spring.jpa.open-in-view to disable this warning
2024-07-13T13:02:03.178+05:30  INFO 4324 --- [LibraryManagementSystem] [main] o.s.b.w.embedded.tomcat.TomcatWebServer  : Tomcat started on port 8080 (http) with context path '/'
2024-07-13T13:02:03.186+05:30  INFO 4324 --- [LibraryManagementSystem] [main] c.e.L.LibraryManagementSystemApplication : Started LibraryManagementSystemApplication in 4.534 seconds (process running for 4.902)
2024-07-13T13:02:07.852+05:30  INFO 4324 --- [LibraryManagementSystem] [http-nio-8080-exec-1] o.a.c.c.C.[Tomcat].[localhost].[/]       : Initializing Spring DispatcherServlet 'dispatcherServlet'
2024-07-13T13:02:07.852+05:30  INFO 4324 --- [LibraryManagementSystem] [http-nio-8080-exec-1] o.s.web.servlet.DispatcherServlet        : Initializing Servlet 'dispatcherServlet'
2024-07-13T13:02:07.854+05:30  INFO 4324 --- [LibraryManagementSystem] [http-nio-8080-exec-1] o.s.web.servlet.DispatcherServlet        : Completed initialization in 2 ms
2024-07-13T13:02:07.936+05:30  INFO 4324 --- [LibraryManagementSystem] [http-nio-8080-exec-1] c.e.L.CustomAspect                       : emit logs BEFORE: ResponseEntity com.example.LibraryManagementSystem.controller.BookController.getBooks(String,BookType)
2024-07-13T13:02:07.937+05:30  INFO 4324 --- [LibraryManagementSystem] [http-nio-8080-exec-1] c.e.L.controller.BookController          : in BOOK CONTROLLER
2024-07-13T13:02:07.937+05:30  INFO 4324 --- [LibraryManagementSystem] [http-nio-8080-exec-1] c.e.L.CustomAspect                       : emit logs AROUND start: List com.example.LibraryManagementSystem.service.BookService.getBooks(String,BookType)
2024-07-13T13:02:08.117+05:30  INFO 4324 --- [LibraryManagementSystem] [http-nio-8080-exec-1] c.e.L.CustomAspect                       : emit logs AROUND end: List com.example.LibraryManagementSystem.service.BookService.getBooks(String,BookType)
2024-07-13T13:02:08.121+05:30  INFO 4324 --- [LibraryManagementSystem] [http-nio-8080-exec-1] c.e.L.CustomAspect                       : emit logs AFTER: ResponseEntity com.example.LibraryManagementSystem.controller.BookController.getBooks(String,BookType)
2024-07-13T13:03:06.813+05:30  INFO 4324 --- [LibraryManagementSystem] [SpringApplicationShutdownHook] j.LocalContainerEntityManagerFactoryBean : Closing JPA EntityManagerFactory for persistence unit 'default'
2024-07-13T13:03:06.816+05:30  INFO 4324 --- [LibraryManagementSystem] [SpringApplicationShutdownHook] com.zaxxer.hikari.HikariDataSource       : HikariPool-1 - Shutdown initiated...
2024-07-13T13:03:06.823+05:30  INFO 4324 --- [LibraryManagementSystem] [SpringApplicationShutdownHook] com.zaxxer.hikari.HikariDataSource       : HikariPool-1 - Shutdown completed.
2024-07-13T13:03:10.325+05:30  INFO 13700 --- [LibraryManagementSystem] [main] c.e.L.LibraryManagementSystemApplication : Starting LibraryManagementSystemApplication using Java 18.0.1.1 with PID 13700 (C:\Users\ACER\IdeaProjects\LibraryManagementSystem\target\classes started by ACER in C:\Users\ACER\IdeaProjects\LibraryManagementSystem)
2024-07-13T13:03:10.328+05:30  INFO 13700 --- [LibraryManagementSystem] [main] c.e.L.LibraryManagementSystemApplication : No active profile set, falling back to 1 default profile: "default"
2024-07-13T13:03:11.183+05:30  INFO 13700 --- [LibraryManagementSystem] [main] .s.d.r.c.RepositoryConfigurationDelegate : Bootstrapping Spring Data JPA repositories in DEFAULT mode.
2024-07-13T13:03:11.250+05:30  INFO 13700 --- [LibraryManagementSystem] [main] .s.d.r.c.RepositoryConfigurationDelegate : Finished Spring Data repository scanning in 62 ms. Found 4 JPA repository interfaces.
2024-07-13T13:03:12.025+05:30  INFO 13700 --- [LibraryManagementSystem] [main] o.s.b.w.embedded.tomcat.TomcatWebServer  : Tomcat initialized with port 8080 (http)
2024-07-13T13:03:12.040+05:30  INFO 13700 --- [LibraryManagementSystem] [main] o.apache.catalina.core.StandardService   : Starting service [Tomcat]
2024-07-13T13:03:12.040+05:30  INFO 13700 --- [LibraryManagementSystem] [main] o.apache.catalina.core.StandardEngine    : Starting Servlet engine: [Apache Tomcat/10.1.25]
2024-07-13T13:03:12.103+05:30  INFO 13700 --- [LibraryManagementSystem] [main] o.a.c.c.C.[Tomcat].[localhost].[/]       : Initializing Spring embedded WebApplicationContext
2024-07-13T13:03:12.104+05:30  INFO 13700 --- [LibraryManagementSystem] [main] w.s.c.ServletWebServerApplicationContext : Root WebApplicationContext: initialization completed in 1708 ms
2024-07-13T13:03:12.299+05:30  INFO 13700 --- [LibraryManagementSystem] [main] o.hibernate.jpa.internal.util.LogHelper  : HHH000204: Processing PersistenceUnitInfo [name: default]
2024-07-13T13:03:12.352+05:30  INFO 13700 --- [LibraryManagementSystem] [main] org.hibernate.Version                    : HHH000412: Hibernate ORM core version 6.5.2.Final
2024-07-13T13:03:12.384+05:30  INFO 13700 --- [LibraryManagementSystem] [main] o.h.c.internal.RegionFactoryInitiator    : HHH000026: Second-level cache disabled
2024-07-13T13:03:12.706+05:30  INFO 13700 --- [LibraryManagementSystem] [main] o.s.o.j.p.SpringPersistenceUnitInfo      : No LoadTimeWeaver setup: ignoring JPA class transformer
2024-07-13T13:03:12.727+05:30  INFO 13700 --- [LibraryManagementSystem] [main] com.zaxxer.hikari.HikariDataSource       : HikariPool-1 - Starting...
2024-07-13T13:03:13.033+05:30  INFO 13700 --- [LibraryManagementSystem] [main] com.zaxxer.hikari.pool.HikariPool        : HikariPool-1 - Added connection com.mysql.cj.jdbc.ConnectionImpl@75452aea
2024-07-13T13:03:13.036+05:30  INFO 13700 --- [LibraryManagementSystem] [main] com.zaxxer.hikari.HikariDataSource       : HikariPool-1 - Start completed.
2024-07-13T13:03:14.180+05:30  INFO 13700 --- [LibraryManagementSystem] [main] o.h.e.t.j.p.i.JtaPlatformInitiator       : HHH000489: No JTA platform available (set 'hibernate.transaction.jta.platform' to enable JTA platform integration)
2024-07-13T13:03:14.266+05:30  INFO 13700 --- [LibraryManagementSystem] [main] j.LocalContainerEntityManagerFactoryBean : Initialized JPA EntityManagerFactory for persistence unit 'default'
2024-07-13T13:03:14.837+05:30  WARN 13700 --- [LibraryManagementSystem] [main] JpaBaseConfiguration$JpaWebConfiguration : spring.jpa.open-in-view is enabled by default. Therefore, database queries may be performed during view rendering. Explicitly configure spring.jpa.open-in-view to disable this warning
2024-07-13T13:03:15.279+05:30  INFO 13700 --- [LibraryManagementSystem] [main] o.s.b.w.embedded.tomcat.TomcatWebServer  : Tomcat started on port 8080 (http) with context path '/'
2024-07-13T13:03:15.292+05:30  INFO 13700 --- [LibraryManagementSystem] [main] c.e.L.LibraryManagementSystemApplication : Started LibraryManagementSystemApplication in 5.498 seconds (process running for 5.936)
2024-07-13T13:03:19.702+05:30  INFO 13700 --- [LibraryManagementSystem] [http-nio-8080-exec-2] o.a.c.c.C.[Tomcat].[localhost].[/]       : Initializing Spring DispatcherServlet 'dispatcherServlet'
2024-07-13T13:03:19.702+05:30  INFO 13700 --- [LibraryManagementSystem] [http-nio-8080-exec-2] o.s.web.servlet.DispatcherServlet        : Initializing Servlet 'dispatcherServlet'
2024-07-13T13:03:19.713+05:30  INFO 13700 --- [LibraryManagementSystem] [http-nio-8080-exec-2] o.s.web.servlet.DispatcherServlet        : Completed initialization in 10 ms
2024-07-13T13:03:19.786+05:30  INFO 13700 --- [LibraryManagementSystem] [http-nio-8080-exec-2] c.e.L.CustomAspect                       : emit logs BEFORE: ResponseEntity com.example.LibraryManagementSystem.controller.BookController.getBooks(String,BookType)
2024-07-13T13:03:19.786+05:30  INFO 13700 --- [LibraryManagementSystem] [http-nio-8080-exec-2] c.e.L.controller.BookController          : in BOOK CONTROLLER
2024-07-13T13:03:19.787+05:30  INFO 13700 --- [LibraryManagementSystem] [http-nio-8080-exec-2] c.e.L.CustomAspect                       : emit logs AROUND start: List com.example.LibraryManagementSystem.service.BookService.getBooks(String,BookType)
2024-07-13T13:03:19.914+05:30  INFO 13700 --- [LibraryManagementSystem] [http-nio-8080-exec-2] c.e.L.CustomAspect                       : around advice response: [FAILED toString()]
2024-07-13T13:03:19.968+05:30  INFO 13700 --- [LibraryManagementSystem] [http-nio-8080-exec-2] c.e.L.CustomAspect                       : emit logs AROUND end: List com.example.LibraryManagementSystem.service.BookService.getBooks(String,BookType)
2024-07-13T13:03:19.974+05:30  INFO 13700 --- [LibraryManagementSystem] [http-nio-8080-exec-2] c.e.L.CustomAspect                       : emit logs AFTER: ResponseEntity com.example.LibraryManagementSystem.controller.BookController.getBooks(String,BookType)
2024-07-13T13:03:57.031+05:30  INFO 13700 --- [LibraryManagementSystem] [SpringApplicationShutdownHook] j.LocalContainerEntityManagerFactoryBean : Closing JPA EntityManagerFactory for persistence unit 'default'
2024-07-13T13:03:57.033+05:30  INFO 13700 --- [LibraryManagementSystem] [SpringApplicationShutdownHook] com.zaxxer.hikari.HikariDataSource       : HikariPool-1 - Shutdown initiated...
2024-07-13T13:03:57.042+05:30  INFO 13700 --- [LibraryManagementSystem] [SpringApplicationShutdownHook] com.zaxxer.hikari.HikariDataSource       : HikariPool-1 - Shutdown completed.
2024-07-13T13:04:00.584+05:30  INFO 1088 --- [LibraryManagementSystem] [main] c.e.L.LibraryManagementSystemApplication : Starting LibraryManagementSystemApplication using Java 18.0.1.1 with PID 1088 (C:\Users\ACER\IdeaProjects\LibraryManagementSystem\target\classes started by ACER in C:\Users\ACER\IdeaProjects\LibraryManagementSystem)
2024-07-13T13:04:00.589+05:30  INFO 1088 --- [LibraryManagementSystem] [main] c.e.L.LibraryManagementSystemApplication : No active profile set, falling back to 1 default profile: "default"
2024-07-13T13:04:01.486+05:30  INFO 1088 --- [LibraryManagementSystem] [main] .s.d.r.c.RepositoryConfigurationDelegate : Bootstrapping Spring Data JPA repositories in DEFAULT mode.
2024-07-13T13:04:01.563+05:30  INFO 1088 --- [LibraryManagementSystem] [main] .s.d.r.c.RepositoryConfigurationDelegate : Finished Spring Data repository scanning in 70 ms. Found 4 JPA repository interfaces.
2024-07-13T13:04:02.357+05:30  INFO 1088 --- [LibraryManagementSystem] [main] o.s.b.w.embedded.tomcat.TomcatWebServer  : Tomcat initialized with port 8080 (http)
2024-07-13T13:04:02.371+05:30  INFO 1088 --- [LibraryManagementSystem] [main] o.apache.catalina.core.StandardService   : Starting service [Tomcat]
2024-07-13T13:04:02.372+05:30  INFO 1088 --- [LibraryManagementSystem] [main] o.apache.catalina.core.StandardEngine    : Starting Servlet engine: [Apache Tomcat/10.1.25]
2024-07-13T13:04:02.446+05:30  INFO 1088 --- [LibraryManagementSystem] [main] o.a.c.c.C.[Tomcat].[localhost].[/]       : Initializing Spring embedded WebApplicationContext
2024-07-13T13:04:02.446+05:30  INFO 1088 --- [LibraryManagementSystem] [main] w.s.c.ServletWebServerApplicationContext : Root WebApplicationContext: initialization completed in 1790 ms
2024-07-13T13:04:02.632+05:30  INFO 1088 --- [LibraryManagementSystem] [main] o.hibernate.jpa.internal.util.LogHelper  : HHH000204: Processing PersistenceUnitInfo [name: default]
2024-07-13T13:04:02.681+05:30  INFO 1088 --- [LibraryManagementSystem] [main] org.hibernate.Version                    : HHH000412: Hibernate ORM core version 6.5.2.Final
2024-07-13T13:04:02.714+05:30  INFO 1088 --- [LibraryManagementSystem] [main] o.h.c.internal.RegionFactoryInitiator    : HHH000026: Second-level cache disabled
2024-07-13T13:04:03.063+05:30  INFO 1088 --- [LibraryManagementSystem] [main] o.s.o.j.p.SpringPersistenceUnitInfo      : No LoadTimeWeaver setup: ignoring JPA class transformer
2024-07-13T13:04:03.097+05:30  INFO 1088 --- [LibraryManagementSystem] [main] com.zaxxer.hikari.HikariDataSource       : HikariPool-1 - Starting...
2024-07-13T13:04:03.385+05:30  INFO 1088 --- [LibraryManagementSystem] [main] com.zaxxer.hikari.pool.HikariPool        : HikariPool-1 - Added connection com.mysql.cj.jdbc.ConnectionImpl@29892a77
2024-07-13T13:04:03.387+05:30  INFO 1088 --- [LibraryManagementSystem] [main] com.zaxxer.hikari.HikariDataSource       : HikariPool-1 - Start completed.
2024-07-13T13:04:04.495+05:30  INFO 1088 --- [LibraryManagementSystem] [main] o.h.e.t.j.p.i.JtaPlatformInitiator       : HHH000489: No JTA platform available (set 'hibernate.transaction.jta.platform' to enable JTA platform integration)
2024-07-13T13:04:04.579+05:30  INFO 1088 --- [LibraryManagementSystem] [main] j.LocalContainerEntityManagerFactoryBean : Initialized JPA EntityManagerFactory for persistence unit 'default'
2024-07-13T13:04:05.160+05:30  WARN 1088 --- [LibraryManagementSystem] [main] JpaBaseConfiguration$JpaWebConfiguration : spring.jpa.open-in-view is enabled by default. Therefore, database queries may be performed during view rendering. Explicitly configure spring.jpa.open-in-view to disable this warning
2024-07-13T13:04:05.582+05:30  INFO 1088 --- [LibraryManagementSystem] [main] o.s.b.w.embedded.tomcat.TomcatWebServer  : Tomcat started on port 8080 (http) with context path '/'
2024-07-13T13:04:05.592+05:30  INFO 1088 --- [LibraryManagementSystem] [main] c.e.L.LibraryManagementSystemApplication : Started LibraryManagementSystemApplication in 5.564 seconds (process running for 6.077)
2024-07-13T13:04:12.059+05:30  INFO 1088 --- [LibraryManagementSystem] [http-nio-8080-exec-1] o.a.c.c.C.[Tomcat].[localhost].[/]       : Initializing Spring DispatcherServlet 'dispatcherServlet'
2024-07-13T13:04:12.059+05:30  INFO 1088 --- [LibraryManagementSystem] [http-nio-8080-exec-1] o.s.web.servlet.DispatcherServlet        : Initializing Servlet 'dispatcherServlet'
2024-07-13T13:04:12.060+05:30  INFO 1088 --- [LibraryManagementSystem] [http-nio-8080-exec-1] o.s.web.servlet.DispatcherServlet        : Completed initialization in 1 ms
2024-07-13T13:04:12.117+05:30  INFO 1088 --- [LibraryManagementSystem] [http-nio-8080-exec-1] c.e.L.CustomAspect                       : emit logs BEFORE: ResponseEntity com.example.LibraryManagementSystem.controller.BookController.getBooks(String,BookType)
2024-07-13T13:04:12.118+05:30  INFO 1088 --- [LibraryManagementSystem] [http-nio-8080-exec-1] c.e.L.controller.BookController          : in BOOK CONTROLLER
2024-07-13T13:04:12.118+05:30  INFO 1088 --- [LibraryManagementSystem] [http-nio-8080-exec-1] c.e.L.CustomAspect                       : emit logs AROUND start: List com.example.LibraryManagementSystem.service.BookService.getBooks(String,BookType)
2024-07-13T13:04:12.344+05:30  INFO 1088 --- [LibraryManagementSystem] [http-nio-8080-exec-1] c.e.L.CustomAspect                       : around advice response: [FAILED toString()]
2024-07-13T13:04:12.378+05:30  INFO 1088 --- [LibraryManagementSystem] [http-nio-8080-exec-1] c.e.L.CustomAspect                       : emit logs AROUND end: List com.example.LibraryManagementSystem.service.BookService.getBooks(String,BookType)
2024-07-13T13:04:12.382+05:30  INFO 1088 --- [LibraryManagementSystem] [http-nio-8080-exec-1] c.e.L.CustomAspect                       : emit logs AFTER: ResponseEntity com.example.LibraryManagementSystem.controller.BookController.getBooks(String,BookType)
2024-07-13T13:06:17.310+05:30  INFO 1088 --- [LibraryManagementSystem] [SpringApplicationShutdownHook] j.LocalContainerEntityManagerFactoryBean : Closing JPA EntityManagerFactory for persistence unit 'default'
2024-07-13T13:06:17.312+05:30  INFO 1088 --- [LibraryManagementSystem] [SpringApplicationShutdownHook] com.zaxxer.hikari.HikariDataSource       : HikariPool-1 - Shutdown initiated...
2024-07-13T13:06:17.320+05:30  INFO 1088 --- [LibraryManagementSystem] [SpringApplicationShutdownHook] com.zaxxer.hikari.HikariDataSource       : HikariPool-1 - Shutdown completed.
2024-07-13T13:06:21.040+05:30  INFO 5948 --- [LibraryManagementSystem] [main] c.e.L.LibraryManagementSystemApplication : Starting LibraryManagementSystemApplication using Java 18.0.1.1 with PID 5948 (C:\Users\ACER\IdeaProjects\LibraryManagementSystem\target\classes started by ACER in C:\Users\ACER\IdeaProjects\LibraryManagementSystem)
2024-07-13T13:06:21.043+05:30  INFO 5948 --- [LibraryManagementSystem] [main] c.e.L.LibraryManagementSystemApplication : No active profile set, falling back to 1 default profile: "default"
2024-07-13T13:06:21.887+05:30  INFO 5948 --- [LibraryManagementSystem] [main] .s.d.r.c.RepositoryConfigurationDelegate : Bootstrapping Spring Data JPA repositories in DEFAULT mode.
2024-07-13T13:06:21.981+05:30  INFO 5948 --- [LibraryManagementSystem] [main] .s.d.r.c.RepositoryConfigurationDelegate : Finished Spring Data repository scanning in 84 ms. Found 4 JPA repository interfaces.
2024-07-13T13:06:22.780+05:30  INFO 5948 --- [LibraryManagementSystem] [main] o.s.b.w.embedded.tomcat.TomcatWebServer  : Tomcat initialized with port 8080 (http)
2024-07-13T13:06:22.793+05:30  INFO 5948 --- [LibraryManagementSystem] [main] o.apache.catalina.core.StandardService   : Starting service [Tomcat]
2024-07-13T13:06:22.793+05:30  INFO 5948 --- [LibraryManagementSystem] [main] o.apache.catalina.core.StandardEngine    : Starting Servlet engine: [Apache Tomcat/10.1.25]
2024-07-13T13:06:22.860+05:30  INFO 5948 --- [LibraryManagementSystem] [main] o.a.c.c.C.[Tomcat].[localhost].[/]       : Initializing Spring embedded WebApplicationContext
2024-07-13T13:06:22.861+05:30  INFO 5948 --- [LibraryManagementSystem] [main] w.s.c.ServletWebServerApplicationContext : Root WebApplicationContext: initialization completed in 1748 ms
2024-07-13T13:06:23.066+05:30  INFO 5948 --- [LibraryManagementSystem] [main] o.hibernate.jpa.internal.util.LogHelper  : HHH000204: Processing PersistenceUnitInfo [name: default]
2024-07-13T13:06:23.132+05:30  INFO 5948 --- [LibraryManagementSystem] [main] org.hibernate.Version                    : HHH000412: Hibernate ORM core version 6.5.2.Final
2024-07-13T13:06:23.181+05:30  INFO 5948 --- [LibraryManagementSystem] [main] o.h.c.internal.RegionFactoryInitiator    : HHH000026: Second-level cache disabled
2024-07-13T13:06:23.559+05:30  INFO 5948 --- [LibraryManagementSystem] [main] o.s.o.j.p.SpringPersistenceUnitInfo      : No LoadTimeWeaver setup: ignoring JPA class transformer
2024-07-13T13:06:23.598+05:30  INFO 5948 --- [LibraryManagementSystem] [main] com.zaxxer.hikari.HikariDataSource       : HikariPool-1 - Starting...
2024-07-13T13:06:23.930+05:30  INFO 5948 --- [LibraryManagementSystem] [main] com.zaxxer.hikari.pool.HikariPool        : HikariPool-1 - Added connection com.mysql.cj.jdbc.ConnectionImpl@75452aea
2024-07-13T13:06:23.932+05:30  INFO 5948 --- [LibraryManagementSystem] [main] com.zaxxer.hikari.HikariDataSource       : HikariPool-1 - Start completed.
2024-07-13T13:06:25.082+05:30  INFO 5948 --- [LibraryManagementSystem] [main] o.h.e.t.j.p.i.JtaPlatformInitiator       : HHH000489: No JTA platform available (set 'hibernate.transaction.jta.platform' to enable JTA platform integration)
2024-07-13T13:06:25.172+05:30  INFO 5948 --- [LibraryManagementSystem] [main] j.LocalContainerEntityManagerFactoryBean : Initialized JPA EntityManagerFactory for persistence unit 'default'
2024-07-13T13:06:25.801+05:30  WARN 5948 --- [LibraryManagementSystem] [main] JpaBaseConfiguration$JpaWebConfiguration : spring.jpa.open-in-view is enabled by default. Therefore, database queries may be performed during view rendering. Explicitly configure spring.jpa.open-in-view to disable this warning
2024-07-13T13:06:26.275+05:30  INFO 5948 --- [LibraryManagementSystem] [main] o.s.b.w.embedded.tomcat.TomcatWebServer  : Tomcat started on port 8080 (http) with context path '/'
2024-07-13T13:06:26.285+05:30  INFO 5948 --- [LibraryManagementSystem] [main] c.e.L.LibraryManagementSystemApplication : Started LibraryManagementSystemApplication in 5.795 seconds (process running for 6.226)
2024-07-13T13:06:30.720+05:30  INFO 5948 --- [LibraryManagementSystem] [http-nio-8080-exec-2] o.a.c.c.C.[Tomcat].[localhost].[/]       : Initializing Spring DispatcherServlet 'dispatcherServlet'
2024-07-13T13:06:30.721+05:30  INFO 5948 --- [LibraryManagementSystem] [http-nio-8080-exec-2] o.s.web.servlet.DispatcherServlet        : Initializing Servlet 'dispatcherServlet'
2024-07-13T13:06:30.721+05:30  INFO 5948 --- [LibraryManagementSystem] [http-nio-8080-exec-2] o.s.web.servlet.DispatcherServlet        : Completed initialization in 0 ms
2024-07-13T13:06:30.793+05:30  INFO 5948 --- [LibraryManagementSystem] [http-nio-8080-exec-2] c.e.L.CustomAspect                       : emit logs BEFORE: ResponseEntity com.example.LibraryManagementSystem.controller.BookController.getBooks(String,BookType)
2024-07-13T13:06:30.793+05:30  INFO 5948 --- [LibraryManagementSystem] [http-nio-8080-exec-2] c.e.L.controller.BookController          : in BOOK CONTROLLER
2024-07-13T13:06:30.794+05:30  INFO 5948 --- [LibraryManagementSystem] [http-nio-8080-exec-2] c.e.L.CustomAspect                       : emit logs AROUND start: List com.example.LibraryManagementSystem.service.BookService.getBooks(String,BookType)
2024-07-13T13:06:30.962+05:30  INFO 5948 --- [LibraryManagementSystem] [http-nio-8080-exec-2] c.e.L.CustomAspect                       : around advice response: [FAILED toString()]
2024-07-13T13:06:31.018+05:30  INFO 5948 --- [LibraryManagementSystem] [http-nio-8080-exec-2] c.e.L.CustomAspect                       : emit logs AROUND end: List com.example.LibraryManagementSystem.service.BookService.getBooks(String,BookType)
2024-07-13T13:06:31.022+05:30  INFO 5948 --- [LibraryManagementSystem] [http-nio-8080-exec-2] c.e.L.CustomAspect                       : emit logs AFTER: ResponseEntity com.example.LibraryManagementSystem.controller.BookController.getBooks(String,BookType)
2024-07-13T13:25:09.618+05:30  INFO 5948 --- [LibraryManagementSystem] [SpringApplicationShutdownHook] j.LocalContainerEntityManagerFactoryBean : Closing JPA EntityManagerFactory for persistence unit 'default'
2024-07-13T13:25:09.625+05:30  INFO 5948 --- [LibraryManagementSystem] [SpringApplicationShutdownHook] com.zaxxer.hikari.HikariDataSource       : HikariPool-1 - Shutdown initiated...
2024-07-13T13:25:09.637+05:30  INFO 5948 --- [LibraryManagementSystem] [SpringApplicationShutdownHook] com.zaxxer.hikari.HikariDataSource       : HikariPool-1 - Shutdown completed.
2024-07-13T13:25:13.206+05:30  INFO 1816 --- [LibraryManagementSystem] [main] c.e.L.LibraryManagementSystemApplication : Starting LibraryManagementSystemApplication using Java 18.0.1.1 with PID 1816 (C:\Users\ACER\IdeaProjects\LibraryManagementSystem\target\classes started by ACER in C:\Users\ACER\IdeaProjects\LibraryManagementSystem)
2024-07-13T13:25:13.208+05:30  INFO 1816 --- [LibraryManagementSystem] [main] c.e.L.LibraryManagementSystemApplication : No active profile set, falling back to 1 default profile: "default"
2024-07-13T13:25:13.939+05:30  INFO 1816 --- [LibraryManagementSystem] [main] .s.d.r.c.RepositoryConfigurationDelegate : Bootstrapping Spring Data JPA repositories in DEFAULT mode.
2024-07-13T13:25:14.007+05:30  INFO 1816 --- [LibraryManagementSystem] [main] .s.d.r.c.RepositoryConfigurationDelegate : Finished Spring Data repository scanning in 62 ms. Found 4 JPA repository interfaces.
2024-07-13T13:25:14.655+05:30  INFO 1816 --- [LibraryManagementSystem] [main] o.s.b.w.embedded.tomcat.TomcatWebServer  : Tomcat initialized with port 8080 (http)
2024-07-13T13:25:14.668+05:30  INFO 1816 --- [LibraryManagementSystem] [main] o.apache.catalina.core.StandardService   : Starting service [Tomcat]
2024-07-13T13:25:14.669+05:30  INFO 1816 --- [LibraryManagementSystem] [main] o.apache.catalina.core.StandardEngine    : Starting Servlet engine: [Apache Tomcat/10.1.25]
2024-07-13T13:25:14.724+05:30  INFO 1816 --- [LibraryManagementSystem] [main] o.a.c.c.C.[Tomcat].[localhost].[/]       : Initializing Spring embedded WebApplicationContext
2024-07-13T13:25:14.725+05:30  INFO 1816 --- [LibraryManagementSystem] [main] w.s.c.ServletWebServerApplicationContext : Root WebApplicationContext: initialization completed in 1469 ms
2024-07-13T13:25:14.893+05:30  INFO 1816 --- [LibraryManagementSystem] [main] o.hibernate.jpa.internal.util.LogHelper  : HHH000204: Processing PersistenceUnitInfo [name: default]
2024-07-13T13:25:14.961+05:30  INFO 1816 --- [LibraryManagementSystem] [main] org.hibernate.Version                    : HHH000412: Hibernate ORM core version 6.5.2.Final
2024-07-13T13:25:14.999+05:30  INFO 1816 --- [LibraryManagementSystem] [main] o.h.c.internal.RegionFactoryInitiator    : HHH000026: Second-level cache disabled
2024-07-13T13:25:15.299+05:30  INFO 1816 --- [LibraryManagementSystem] [main] o.s.o.j.p.SpringPersistenceUnitInfo      : No LoadTimeWeaver setup: ignoring JPA class transformer
2024-07-13T13:25:15.327+05:30  INFO 1816 --- [LibraryManagementSystem] [main] com.zaxxer.hikari.HikariDataSource       : HikariPool-1 - Starting...
2024-07-13T13:25:15.647+05:30  INFO 1816 --- [LibraryManagementSystem] [main] com.zaxxer.hikari.pool.HikariPool        : HikariPool-1 - Added connection com.mysql.cj.jdbc.ConnectionImpl@6afeaf2d
2024-07-13T13:25:15.648+05:30  INFO 1816 --- [LibraryManagementSystem] [main] com.zaxxer.hikari.HikariDataSource       : HikariPool-1 - Start completed.
2024-07-13T13:25:16.647+05:30  INFO 1816 --- [LibraryManagementSystem] [main] o.h.e.t.j.p.i.JtaPlatformInitiator       : HHH000489: No JTA platform available (set 'hibernate.transaction.jta.platform' to enable JTA platform integration)
2024-07-13T13:25:16.713+05:30  INFO 1816 --- [LibraryManagementSystem] [main] j.LocalContainerEntityManagerFactoryBean : Initialized JPA EntityManagerFactory for persistence unit 'default'
2024-07-13T13:25:17.117+05:30  WARN 1816 --- [LibraryManagementSystem] [main] JpaBaseConfiguration$JpaWebConfiguration : spring.jpa.open-in-view is enabled by default. Therefore, database queries may be performed during view rendering. Explicitly configure spring.jpa.open-in-view to disable this warning
2024-07-13T13:25:17.463+05:30  INFO 1816 --- [LibraryManagementSystem] [main] o.s.b.w.embedded.tomcat.TomcatWebServer  : Tomcat started on port 8080 (http) with context path '/'
2024-07-13T13:25:17.469+05:30  INFO 1816 --- [LibraryManagementSystem] [main] c.e.L.LibraryManagementSystemApplication : Started LibraryManagementSystemApplication in 4.676 seconds (process running for 5.033)
2024-07-13T13:25:22.902+05:30  INFO 1816 --- [LibraryManagementSystem] [http-nio-8080-exec-4] o.a.c.c.C.[Tomcat].[localhost].[/]       : Initializing Spring DispatcherServlet 'dispatcherServlet'
2024-07-13T13:25:22.902+05:30  INFO 1816 --- [LibraryManagementSystem] [http-nio-8080-exec-4] o.s.web.servlet.DispatcherServlet        : Initializing Servlet 'dispatcherServlet'
2024-07-13T13:25:22.903+05:30  INFO 1816 --- [LibraryManagementSystem] [http-nio-8080-exec-4] o.s.web.servlet.DispatcherServlet        : Completed initialization in 1 ms
2024-07-13T13:25:22.957+05:30  INFO 1816 --- [LibraryManagementSystem] [http-nio-8080-exec-4] c.e.L.CustomAspect                       : emit logs BEFORE: ResponseEntity com.example.LibraryManagementSystem.controller.BookController.getBooks(String,BookType)
2024-07-13T13:25:22.958+05:30  INFO 1816 --- [LibraryManagementSystem] [http-nio-8080-exec-4] c.e.L.controller.BookController          : in BOOK CONTROLLER
2024-07-13T13:25:22.958+05:30  INFO 1816 --- [LibraryManagementSystem] [http-nio-8080-exec-4] c.e.L.CustomAspect                       : emit logs AROUND start: List com.example.LibraryManagementSystem.service.BookService.getBooks(String,BookType)
2024-07-13T13:25:23.108+05:30  INFO 1816 --- [LibraryManagementSystem] [http-nio-8080-exec-4] c.e.L.CustomAspect                       : emit logs AROUND end: List com.example.LibraryManagementSystem.service.BookService.getBooks(String,BookType)
2024-07-13T13:25:23.111+05:30  INFO 1816 --- [LibraryManagementSystem] [http-nio-8080-exec-4] c.e.L.CustomAspect                       : emit logs AFTER: ResponseEntity com.example.LibraryManagementSystem.controller.BookController.getBooks(String,BookType)
2024-07-13T13:47:13.959+05:30  INFO 1816 --- [LibraryManagementSystem] [SpringApplicationShutdownHook] j.LocalContainerEntityManagerFactoryBean : Closing JPA EntityManagerFactory for persistence unit 'default'
2024-07-13T13:47:14.048+05:30  INFO 1816 --- [LibraryManagementSystem] [SpringApplicationShutdownHook] com.zaxxer.hikari.HikariDataSource       : HikariPool-1 - Shutdown initiated...
2024-07-13T13:47:14.169+05:30  INFO 1816 --- [LibraryManagementSystem] [SpringApplicationShutdownHook] com.zaxxer.hikari.HikariDataSource       : HikariPool-1 - Shutdown completed.
2024-07-13T14:01:33.663+05:30  INFO 8560 --- [LibraryManagementSystem] [main] c.e.L.LibraryManagementSystemApplication : Starting LibraryManagementSystemApplication using Java 18.0.1.1 with PID 8560 (C:\Users\ACER\IdeaProjects\LibraryManagementSystem\target\classes started by ACER in C:\Users\ACER\IdeaProjects\LibraryManagementSystem)
2024-07-13T14:01:33.666+05:30  INFO 8560 --- [LibraryManagementSystem] [main] c.e.L.LibraryManagementSystemApplication : No active profile set, falling back to 1 default profile: "default"
2024-07-13T14:01:34.547+05:30  INFO 8560 --- [LibraryManagementSystem] [main] .s.d.r.c.RepositoryConfigurationDelegate : Bootstrapping Spring Data JPA repositories in DEFAULT mode.
2024-07-13T14:01:34.659+05:30  INFO 8560 --- [LibraryManagementSystem] [main] .s.d.r.c.RepositoryConfigurationDelegate : Finished Spring Data repository scanning in 103 ms. Found 4 JPA repository interfaces.
2024-07-13T14:01:35.568+05:30  INFO 8560 --- [LibraryManagementSystem] [main] o.s.b.w.embedded.tomcat.TomcatWebServer  : Tomcat initialized with port 8080 (http)
2024-07-13T14:01:35.585+05:30  INFO 8560 --- [LibraryManagementSystem] [main] o.apache.catalina.core.StandardService   : Starting service [Tomcat]
2024-07-13T14:01:35.586+05:30  INFO 8560 --- [LibraryManagementSystem] [main] o.apache.catalina.core.StandardEngine    : Starting Servlet engine: [Apache Tomcat/10.1.25]
2024-07-13T14:01:35.673+05:30  INFO 8560 --- [LibraryManagementSystem] [main] o.a.c.c.C.[Tomcat].[localhost].[/]       : Initializing Spring embedded WebApplicationContext
2024-07-13T14:01:35.673+05:30  INFO 8560 --- [LibraryManagementSystem] [main] w.s.c.ServletWebServerApplicationContext : Root WebApplicationContext: initialization completed in 1948 ms
2024-07-13T14:01:35.900+05:30  INFO 8560 --- [LibraryManagementSystem] [main] o.hibernate.jpa.internal.util.LogHelper  : HHH000204: Processing PersistenceUnitInfo [name: default]
2024-07-13T14:01:35.982+05:30  INFO 8560 --- [LibraryManagementSystem] [main] org.hibernate.Version                    : HHH000412: Hibernate ORM core version 6.5.2.Final
2024-07-13T14:01:36.017+05:30  INFO 8560 --- [LibraryManagementSystem] [main] o.h.c.internal.RegionFactoryInitiator    : HHH000026: Second-level cache disabled
2024-07-13T14:01:36.381+05:30  INFO 8560 --- [LibraryManagementSystem] [main] o.s.o.j.p.SpringPersistenceUnitInfo      : No LoadTimeWeaver setup: ignoring JPA class transformer
2024-07-13T14:01:36.408+05:30  INFO 8560 --- [LibraryManagementSystem] [main] com.zaxxer.hikari.HikariDataSource       : HikariPool-1 - Starting...
2024-07-13T14:01:36.817+05:30  INFO 8560 --- [LibraryManagementSystem] [main] com.zaxxer.hikari.pool.HikariPool        : HikariPool-1 - Added connection com.mysql.cj.jdbc.ConnectionImpl@21abda60
2024-07-13T14:01:36.819+05:30  INFO 8560 --- [LibraryManagementSystem] [main] com.zaxxer.hikari.HikariDataSource       : HikariPool-1 - Start completed.
2024-07-13T14:01:38.160+05:30  INFO 8560 --- [LibraryManagementSystem] [main] o.h.e.t.j.p.i.JtaPlatformInitiator       : HHH000489: No JTA platform available (set 'hibernate.transaction.jta.platform' to enable JTA platform integration)
2024-07-13T14:01:38.272+05:30  INFO 8560 --- [LibraryManagementSystem] [main] j.LocalContainerEntityManagerFactoryBean : Initialized JPA EntityManagerFactory for persistence unit 'default'
2024-07-13T14:01:39.023+05:30  WARN 8560 --- [LibraryManagementSystem] [main] JpaBaseConfiguration$JpaWebConfiguration : spring.jpa.open-in-view is enabled by default. Therefore, database queries may be performed during view rendering. Explicitly configure spring.jpa.open-in-view to disable this warning
2024-07-13T14:01:39.489+05:30  INFO 8560 --- [LibraryManagementSystem] [main] o.s.b.w.embedded.tomcat.TomcatWebServer  : Tomcat started on port 8080 (http) with context path '/'
2024-07-13T14:01:39.501+05:30  INFO 8560 --- [LibraryManagementSystem] [main] c.e.L.LibraryManagementSystemApplication : Started LibraryManagementSystemApplication in 6.367 seconds (process running for 6.829)
2024-07-13T14:01:41.770+05:30  INFO 8560 --- [LibraryManagementSystem] [http-nio-8080-exec-1] o.a.c.c.C.[Tomcat].[localhost].[/]       : Initializing Spring DispatcherServlet 'dispatcherServlet'
2024-07-13T14:01:41.770+05:30  INFO 8560 --- [LibraryManagementSystem] [http-nio-8080-exec-1] o.s.web.servlet.DispatcherServlet        : Initializing Servlet 'dispatcherServlet'
2024-07-13T14:01:41.773+05:30  INFO 8560 --- [LibraryManagementSystem] [http-nio-8080-exec-1] o.s.web.servlet.DispatcherServlet        : Completed initialization in 3 ms
2024-07-13T14:01:41.867+05:30  INFO 8560 --- [LibraryManagementSystem] [http-nio-8080-exec-1] c.e.L.CustomAspect                       : emit Annotation logs AROUND start: ResponseEntity com.example.LibraryManagementSystem.controller.BookController.getBooks(String,BookType)
2024-07-13T14:01:41.868+05:30  INFO 8560 --- [LibraryManagementSystem] [http-nio-8080-exec-1] c.e.L.CustomAspect                       : emit logs BEFORE: ResponseEntity com.example.LibraryManagementSystem.controller.BookController.getBooks(String,BookType)
2024-07-13T14:01:41.868+05:30  INFO 8560 --- [LibraryManagementSystem] [http-nio-8080-exec-1] c.e.L.controller.BookController          : in BOOK CONTROLLER
2024-07-13T14:01:41.869+05:30  INFO 8560 --- [LibraryManagementSystem] [http-nio-8080-exec-1] c.e.L.CustomAspect                       : emit logs AROUND start: List com.example.LibraryManagementSystem.service.BookService.getBooks(String,BookType)
2024-07-13T14:01:42.202+05:30  INFO 8560 --- [LibraryManagementSystem] [http-nio-8080-exec-1] c.e.L.CustomAspect                       : emit logs AROUND end: List com.example.LibraryManagementSystem.service.BookService.getBooks(String,BookType)
2024-07-13T14:01:42.211+05:30  INFO 8560 --- [LibraryManagementSystem] [http-nio-8080-exec-1] c.e.L.CustomAspect                       : emit logs AFTER: ResponseEntity com.example.LibraryManagementSystem.controller.BookController.getBooks(String,BookType)
2024-07-13T14:01:42.211+05:30  INFO 8560 --- [LibraryManagementSystem] [http-nio-8080-exec-1] c.e.L.CustomAspect                       : emit Annotation logs AROUND end: ResponseEntity com.example.LibraryManagementSystem.controller.BookController.getBooks(String,BookType)
2024-07-13T14:21:10.423+05:30  INFO 8560 --- [LibraryManagementSystem] [SpringApplicationShutdownHook] j.LocalContainerEntityManagerFactoryBean : Closing JPA EntityManagerFactory for persistence unit 'default'
2024-07-13T14:21:10.471+05:30  INFO 8560 --- [LibraryManagementSystem] [SpringApplicationShutdownHook] com.zaxxer.hikari.HikariDataSource       : HikariPool-1 - Shutdown initiated...
2024-07-13T14:21:10.522+05:30  INFO 8560 --- [LibraryManagementSystem] [SpringApplicationShutdownHook] com.zaxxer.hikari.HikariDataSource       : HikariPool-1 - Shutdown completed.
2024-07-13T14:34:46.031+05:30  INFO 14652 --- [LibraryManagementSystem] [main] .LibraryManagementSystemApplicationTests : Starting LibraryManagementSystemApplicationTests using Java 18.0.1.1 with PID 14652 (started by ACER in C:\Users\ACER\IdeaProjects\LibraryManagementSystem)
2024-07-13T14:34:46.033+05:30  INFO 14652 --- [LibraryManagementSystem] [main] .LibraryManagementSystemApplicationTests : No active profile set, falling back to 1 default profile: "default"
2024-07-13T14:34:46.884+05:30  INFO 14652 --- [LibraryManagementSystem] [main] .s.d.r.c.RepositoryConfigurationDelegate : Bootstrapping Spring Data JPA repositories in DEFAULT mode.
2024-07-13T14:34:46.984+05:30  INFO 14652 --- [LibraryManagementSystem] [main] .s.d.r.c.RepositoryConfigurationDelegate : Finished Spring Data repository scanning in 88 ms. Found 4 JPA repository interfaces.
2024-07-13T14:34:47.780+05:30  INFO 14652 --- [LibraryManagementSystem] [main] o.hibernate.jpa.internal.util.LogHelper  : HHH000204: Processing PersistenceUnitInfo [name: default]
2024-07-13T14:34:47.877+05:30  INFO 14652 --- [LibraryManagementSystem] [main] org.hibernate.Version                    : HHH000412: Hibernate ORM core version 6.5.2.Final
2024-07-13T14:34:47.936+05:30  INFO 14652 --- [LibraryManagementSystem] [main] o.h.c.internal.RegionFactoryInitiator    : HHH000026: Second-level cache disabled
2024-07-13T14:34:48.450+05:30  INFO 14652 --- [LibraryManagementSystem] [main] o.s.o.j.p.SpringPersistenceUnitInfo      : No LoadTimeWeaver setup: ignoring JPA class transformer
2024-07-13T14:34:48.490+05:30  INFO 14652 --- [LibraryManagementSystem] [main] com.zaxxer.hikari.HikariDataSource       : HikariPool-1 - Starting...
2024-07-13T14:34:48.948+05:30  INFO 14652 --- [LibraryManagementSystem] [main] com.zaxxer.hikari.pool.HikariPool        : HikariPool-1 - Added connection com.mysql.cj.jdbc.ConnectionImpl@11180750
2024-07-13T14:34:48.951+05:30  INFO 14652 --- [LibraryManagementSystem] [main] com.zaxxer.hikari.HikariDataSource       : HikariPool-1 - Start completed.
2024-07-13T14:34:50.722+05:30  INFO 14652 --- [LibraryManagementSystem] [main] o.h.e.t.j.p.i.JtaPlatformInitiator       : HHH000489: No JTA platform available (set 'hibernate.transaction.jta.platform' to enable JTA platform integration)
2024-07-13T14:34:50.912+05:30  INFO 14652 --- [LibraryManagementSystem] [main] j.LocalContainerEntityManagerFactoryBean : Initialized JPA EntityManagerFactory for persistence unit 'default'
2024-07-13T14:34:51.935+05:30  WARN 14652 --- [LibraryManagementSystem] [main] JpaBaseConfiguration$JpaWebConfiguration : spring.jpa.open-in-view is enabled by default. Therefore, database queries may be performed during view rendering. Explicitly configure spring.jpa.open-in-view to disable this warning
2024-07-13T14:34:52.466+05:30  INFO 14652 --- [LibraryManagementSystem] [main] .LibraryManagementSystemApplicationTests : Started LibraryManagementSystemApplicationTests in 6.819 seconds (process running for 8.2)
2024-07-13T14:34:53.023+05:30  INFO 14652 --- [LibraryManagementSystem] [SpringApplicationShutdownHook] j.LocalContainerEntityManagerFactoryBean : Closing JPA EntityManagerFactory for persistence unit 'default'
2024-07-13T14:34:53.025+05:30  INFO 14652 --- [LibraryManagementSystem] [SpringApplicationShutdownHook] com.zaxxer.hikari.HikariDataSource       : HikariPool-1 - Shutdown initiated...
2024-07-13T14:34:53.035+05:30  INFO 14652 --- [LibraryManagementSystem] [SpringApplicationShutdownHook] com.zaxxer.hikari.HikariDataSource       : HikariPool-1 - Shutdown completed.
